[2026-07-20 06:24:48.507 +05:30] [INF] [] [] [WebProlific.Infrastructure.Data.AppDbContext] [SOURAV] [] Configuring database model
[2026-07-20 06:24:48.857 +05:30] [INF] [] [] [WebProlific.Infrastructure.Data.AppDbContext] [SOURAV] [] Database model configuration completed
[2026-07-20 06:24:49.522 +05:30] [WRN] [] [] [Microsoft.EntityFrameworkCore.Model.Validation] [SOURAV] [] No store type was specified for the decimal property 'ContractPrice' on entity type 'CatalogueLine'. This will cause values to be silently truncated if they do not fit in the default precision and scale. Explicitly specify the SQL server column type that can accommodate all the values in 'OnModelCreating' using 'HasColumnType', specify precision and scale using 'HasPrecision', or configure a value converter using 'HasConversion'.
[2026-07-20 06:24:49.537 +05:30] [WRN] [] [] [Microsoft.EntityFrameworkCore.Model.Validation] [SOURAV] [] No store type was specified for the decimal property 'DeviationPercent' on entity type 'CatalogueLine'. This will cause values to be silently truncated if they do not fit in the default precision and scale. Explicitly specify the SQL server column type that can accommodate all the values in 'OnModelCreating' using 'HasColumnType', specify precision and scale using 'HasPrecision', or configure a value converter using 'HasConversion'.
[2026-07-20 06:24:49.548 +05:30] [WRN] [] [] [Microsoft.EntityFrameworkCore.Model.Validation] [SOURAV] [] No store type was specified for the decimal property 'Price' on entity type 'CatalogueLine'. This will cause values to be silently truncated if they do not fit in the default precision and scale. Explicitly specify the SQL server column type that can accommodate all the values in 'OnModelCreating' using 'HasColumnType', specify precision and scale using 'HasPrecision', or configure a value converter using 'HasConversion'.
[2026-07-20 06:24:49.556 +05:30] [WRN] [] [] [Microsoft.EntityFrameworkCore.Model.Validation] [SOURAV] [] No store type was specified for the decimal property 'QtyInDelivery' on entity type 'DeliveryNoteLine'. This will cause values to be silently truncated if they do not fit in the default precision and scale. Explicitly specify the SQL server column type that can accommodate all the values in 'OnModelCreating' using 'HasColumnType', specify precision and scale using 'HasPrecision', or configure a value converter using 'HasConversion'.
[2026-07-20 06:24:49.564 +05:30] [WRN] [] [] [Microsoft.EntityFrameworkCore.Model.Validation] [SOURAV] [] No store type was specified for the decimal property 'SubTotal' on entity type 'Invoice'. This will cause values to be silently truncated if they do not fit in the default precision and scale. Explicitly specify the SQL server column type that can accommodate all the values in 'OnModelCreating' using 'HasColumnType', specify precision and scale using 'HasPrecision', or configure a value converter using 'HasConversion'.
[2026-07-20 06:24:49.571 +05:30] [WRN] [] [] [Microsoft.EntityFrameworkCore.Model.Validation] [SOURAV] [] No store type was specified for the decimal property 'TaxAmount' on entity type 'Invoice'. This will cause values to be silently truncated if they do not fit in the default precision and scale. Explicitly specify the SQL server column type that can accommodate all the values in 'OnModelCreating' using 'HasColumnType', specify precision and scale using 'HasPrecision', or configure a value converter using 'HasConversion'.
[2026-07-20 06:24:49.579 +05:30] [WRN] [] [] [Microsoft.EntityFrameworkCore.Model.Validation] [SOURAV] [] No store type was specified for the decimal property 'TotalAmount' on entity type 'Invoice'. This will cause values to be silently truncated if they do not fit in the default precision and scale. Explicitly specify the SQL server column type that can accommodate all the values in 'OnModelCreating' using 'HasColumnType', specify precision and scale using 'HasPrecision', or configure a value converter using 'HasConversion'.
[2026-07-20 06:24:49.587 +05:30] [WRN] [] [] [Microsoft.EntityFrameworkCore.Model.Validation] [SOURAV] [] No store type was specified for the decimal property 'ExpectedQty' on entity type 'InvoiceLine'. This will cause values to be silently truncated if they do not fit in the default precision and scale. Explicitly specify the SQL server column type that can accommodate all the values in 'OnModelCreating' using 'HasColumnType', specify precision and scale using 'HasPrecision', or configure a value converter using 'HasConversion'.
[2026-07-20 06:24:49.594 +05:30] [WRN] [] [] [Microsoft.EntityFrameworkCore.Model.Validation] [SOURAV] [] No store type was specified for the decimal property 'ExpectedUnitPrice' on entity type 'InvoiceLine'. This will cause values to be silently truncated if they do not fit in the default precision and scale. Explicitly specify the SQL server column type that can accommodate all the values in 'OnModelCreating' using 'HasColumnType', specify precision and scale using 'HasPrecision', or configure a value converter using 'HasConversion'.
[2026-07-20 06:24:49.601 +05:30] [WRN] [] [] [Microsoft.EntityFrameworkCore.Model.Validation] [SOURAV] [] No store type was specified for the decimal property 'InvoicedQty' on entity type 'InvoiceLine'. This will cause values to be silently truncated if they do not fit in the default precision and scale. Explicitly specify the SQL server column type that can accommodate all the values in 'OnModelCreating' using 'HasColumnType', specify precision and scale using 'HasPrecision', or configure a value converter using 'HasConversion'.
[2026-07-20 06:24:49.607 +05:30] [WRN] [] [] [Microsoft.EntityFrameworkCore.Model.Validation] [SOURAV] [] No store type was specified for the decimal property 'InvoicedUnitPrice' on entity type 'InvoiceLine'. This will cause values to be silently truncated if they do not fit in the default precision and scale. Explicitly specify the SQL server column type that can accommodate all the values in 'OnModelCreating' using 'HasColumnType', specify precision and scale using 'HasPrecision', or configure a value converter using 'HasConversion'.
[2026-07-20 06:24:49.615 +05:30] [WRN] [] [] [Microsoft.EntityFrameworkCore.Model.Validation] [SOURAV] [] No store type was specified for the decimal property 'LineTotal' on entity type 'InvoiceLine'. This will cause values to be silently truncated if they do not fit in the default precision and scale. Explicitly specify the SQL server column type that can accommodate all the values in 'OnModelCreating' using 'HasColumnType', specify precision and scale using 'HasPrecision', or configure a value converter using 'HasConversion'.
[2026-07-20 06:24:49.623 +05:30] [WRN] [] [] [Microsoft.EntityFrameworkCore.Model.Validation] [SOURAV] [] No store type was specified for the decimal property 'SimilarityScore' on entity type 'ItemDedupCandidate'. This will cause values to be silently truncated if they do not fit in the default precision and scale. Explicitly specify the SQL server column type that can accommodate all the values in 'OnModelCreating' using 'HasColumnType', specify precision and scale using 'HasPrecision', or configure a value converter using 'HasConversion'.
[2026-07-20 06:24:49.631 +05:30] [WRN] [] [] [Microsoft.EntityFrameworkCore.Model.Validation] [SOURAV] [] No store type was specified for the decimal property 'Amount' on entity type 'Payment'. This will cause values to be silently truncated if they do not fit in the default precision and scale. Explicitly specify the SQL server column type that can accommodate all the values in 'OnModelCreating' using 'HasColumnType', specify precision and scale using 'HasPrecision', or configure a value converter using 'HasConversion'.
[2026-07-20 06:24:49.638 +05:30] [WRN] [] [] [Microsoft.EntityFrameworkCore.Model.Validation] [SOURAV] [] No store type was specified for the decimal property 'TotalValue' on entity type 'PurchaseOrder'. This will cause values to be silently truncated if they do not fit in the default precision and scale. Explicitly specify the SQL server column type that can accommodate all the values in 'OnModelCreating' using 'HasColumnType', specify precision and scale using 'HasPrecision', or configure a value converter using 'HasConversion'.
[2026-07-20 06:24:49.645 +05:30] [WRN] [] [] [Microsoft.EntityFrameworkCore.Model.Validation] [SOURAV] [] No store type was specified for the decimal property 'LineTotal' on entity type 'PurchaseOrderLine'. This will cause values to be silently truncated if they do not fit in the default precision and scale. Explicitly specify the SQL server column type that can accommodate all the values in 'OnModelCreating' using 'HasColumnType', specify precision and scale using 'HasPrecision', or configure a value converter using 'HasConversion'.
[2026-07-20 06:24:49.652 +05:30] [WRN] [] [] [Microsoft.EntityFrameworkCore.Model.Validation] [SOURAV] [] No store type was specified for the decimal property 'QtyAccepted' on entity type 'PurchaseOrderLine'. This will cause values to be silently truncated if they do not fit in the default precision and scale. Explicitly specify the SQL server column type that can accommodate all the values in 'OnModelCreating' using 'HasColumnType', specify precision and scale using 'HasPrecision', or configure a value converter using 'HasConversion'.
[2026-07-20 06:24:49.658 +05:30] [WRN] [] [] [Microsoft.EntityFrameworkCore.Model.Validation] [SOURAV] [] No store type was specified for the decimal property 'QtyDelivered' on entity type 'PurchaseOrderLine'. This will cause values to be silently truncated if they do not fit in the default precision and scale. Explicitly specify the SQL server column type that can accommodate all the values in 'OnModelCreating' using 'HasColumnType', specify precision and scale using 'HasPrecision', or configure a value converter using 'HasConversion'.
[2026-07-20 06:24:49.668 +05:30] [WRN] [] [] [Microsoft.EntityFrameworkCore.Model.Validation] [SOURAV] [] No store type was specified for the decimal property 'QtyOrdered' on entity type 'PurchaseOrderLine'. This will cause values to be silently truncated if they do not fit in the default precision and scale. Explicitly specify the SQL server column type that can accommodate all the values in 'OnModelCreating' using 'HasColumnType', specify precision and scale using 'HasPrecision', or configure a value converter using 'HasConversion'.
[2026-07-20 06:24:49.675 +05:30] [WRN] [] [] [Microsoft.EntityFrameworkCore.Model.Validation] [SOURAV] [] No store type was specified for the decimal property 'UnitPrice' on entity type 'PurchaseOrderLine'. This will cause values to be silently truncated if they do not fit in the default precision and scale. Explicitly specify the SQL server column type that can accommodate all the values in 'OnModelCreating' using 'HasColumnType', specify precision and scale using 'HasPrecision', or configure a value converter using 'HasConversion'.
[2026-07-20 06:24:49.687 +05:30] [WRN] [] [] [Microsoft.EntityFrameworkCore.Model.Validation] [SOURAV] [] No store type was specified for the decimal property 'AgreedPrice' on entity type 'RateContractLine'. This will cause values to be silently truncated if they do not fit in the default precision and scale. Explicitly specify the SQL server column type that can accommodate all the values in 'OnModelCreating' using 'HasColumnType', specify precision and scale using 'HasPrecision', or configure a value converter using 'HasConversion'.
[2026-07-20 06:24:49.702 +05:30] [WRN] [] [] [Microsoft.EntityFrameworkCore.Model.Validation] [SOURAV] [] No store type was specified for the decimal property 'SimilarityScore' on entity type 'VendorDedupCandidate'. This will cause values to be silently truncated if they do not fit in the default precision and scale. Explicitly specify the SQL server column type that can accommodate all the values in 'OnModelCreating' using 'HasColumnType', specify precision and scale using 'HasPrecision', or configure a value converter using 'HasConversion'.
[2026-07-20 06:25:02.473 +05:30] [ERR] [] [] [Microsoft.EntityFrameworkCore.Database.Command] [SOURAV] [] Failed executing DbCommand (82ms) [Parameters=[], CommandType='"Text"', CommandTimeout='30']
DROP INDEX [IX_Vendors_Gstin] ON [Vendors];
[2026-07-20 06:25:02.567 +05:30] [ERR] [] [] [Program] [SOURAV] [] Database migration failed
Microsoft.Data.SqlClient.SqlException (0x80131904): Cannot drop the index 'Vendors.IX_Vendors_Gstin', because it does not exist or you do not have permission.
   at Microsoft.Data.SqlClient.SqlConnection.OnError(SqlException exception, Boolean breakConnection, Action`1 wrapCloseInAction)
   at Microsoft.Data.SqlClient.SqlInternalConnection.OnError(SqlException exception, Boolean breakConnection, Action`1 wrapCloseInAction)
   at Microsoft.Data.SqlClient.TdsParser.ThrowExceptionAndWarning(TdsParserStateObject stateObj, Boolean callerHasConnectionLock, Boolean asyncClose)
   at Microsoft.Data.SqlClient.TdsParser.TryRun(RunBehavior runBehavior, SqlCommand cmdHandler, SqlDataReader dataStream, BulkCopySimpleResultSet bulkCopyHandler, TdsParserStateObject stateObj, Boolean& dataReady)
   at Microsoft.Data.SqlClient.SqlCommand.RunExecuteNonQueryTds(String methodName, Boolean isAsync, Int32 timeout, Boolean asyncWrite)
   at Microsoft.Data.SqlClient.SqlCommand.InternalExecuteNonQuery(TaskCompletionSource`1 completion, Boolean sendToPipe, Int32 timeout, Boolean& usedCache, Boolean asyncWrite, Boolean inRetry, String methodName)
   at Microsoft.Data.SqlClient.SqlCommand.ExecuteNonQuery()
   at Microsoft.EntityFrameworkCore.Storage.RelationalCommand.ExecuteNonQuery(RelationalCommandParameterObject parameterObject)
   at Microsoft.EntityFrameworkCore.Migrations.MigrationCommand.ExecuteNonQuery(IRelationalConnection connection, IReadOnlyDictionary`2 parameterValues)
   at Microsoft.EntityFrameworkCore.Migrations.Internal.MigrationCommandExecutor.ExecuteNonQuery(IEnumerable`1 migrationCommands, IRelationalConnection connection)
   at Microsoft.EntityFrameworkCore.Migrations.Internal.Migrator.Migrate(String targetMigration)
   at Microsoft.EntityFrameworkCore.RelationalDatabaseFacadeExtensions.Migrate(DatabaseFacade databaseFacade)
   at Program.<Main>$(String[] args) in D:\Vendor Portal\VendorPortalExtranet\src\WebProlific.Api\Program.cs:line 103
ClientConnectionId:9a93ed63-7a1f-445b-8532-618b38e28f4b
Error Number:3701,State:7,Class:11
[2026-07-20 06:25:03.139 +05:30] [ERR] [] [] [Microsoft.Extensions.Hosting.Internal.Host] [SOURAV] [] Hosting failed to start
System.IO.IOException: Failed to bind to address http://127.0.0.1:5000: address already in use.
 ---> Microsoft.AspNetCore.Connections.AddressInUseException: Only one usage of each socket address (protocol/network address/port) is normally permitted.
 ---> System.Net.Sockets.SocketException (10048): Only one usage of each socket address (protocol/network address/port) is normally permitted.
   at System.Net.Sockets.Socket.UpdateStatusAfterSocketErrorAndThrowException(SocketError error, Boolean disconnectOnFailure, String callerName)
   at System.Net.Sockets.Socket.DoBind(EndPoint endPointSnapshot, SocketAddress socketAddress)
   at System.Net.Sockets.Socket.Bind(EndPoint localEP)
   at Microsoft.AspNetCore.Server.Kestrel.Transport.Sockets.SocketTransportOptions.CreateDefaultBoundListenSocket(EndPoint endpoint)
   at Microsoft.AspNetCore.Server.Kestrel.Transport.Sockets.SocketConnectionListener.Bind()
   --- End of inner exception stack trace ---
   at Microsoft.AspNetCore.Server.Kestrel.Transport.Sockets.SocketConnectionListener.Bind()
   at Microsoft.AspNetCore.Server.Kestrel.Transport.Sockets.SocketTransportFactory.BindAsync(EndPoint endpoint, CancellationToken cancellationToken)
   at Microsoft.AspNetCore.Server.Kestrel.Core.Internal.Infrastructure.TransportManager.BindAsync(EndPoint endPoint, ConnectionDelegate connectionDelegate, EndpointConfig endpointConfig, CancellationToken cancellationToken)
   at Microsoft.AspNetCore.Server.Kestrel.Core.KestrelServerImpl.<>c__DisplayClass28_0`1.<<StartAsync>g__OnBind|0>d.MoveNext()
--- End of stack trace from previous location ---
   at Microsoft.AspNetCore.Server.Kestrel.Core.Internal.AddressBinder.BindEndpointAsync(ListenOptions endpoint, AddressBindContext context, CancellationToken cancellationToken)
   --- End of inner exception stack trace ---
   at Microsoft.AspNetCore.Server.Kestrel.Core.Internal.AddressBinder.BindEndpointAsync(ListenOptions endpoint, AddressBindContext context, CancellationToken cancellationToken)
   at Microsoft.AspNetCore.Server.Kestrel.Core.LocalhostListenOptions.BindAsync(AddressBindContext context, CancellationToken cancellationToken)
   at Microsoft.AspNetCore.Server.Kestrel.Core.Internal.AddressBinder.DefaultAddressStrategy.BindAsync(AddressBindContext context, CancellationToken cancellationToken)
   at Microsoft.AspNetCore.Server.Kestrel.Core.Internal.AddressBinder.BindAsync(ListenOptions[] listenOptions, AddressBindContext context, Func`2 useHttps, CancellationToken cancellationToken)
   at Microsoft.AspNetCore.Server.Kestrel.Core.KestrelServerImpl.BindAsync(CancellationToken cancellationToken)
   at Microsoft.AspNetCore.Server.Kestrel.Core.KestrelServerImpl.StartAsync[TContext](IHttpApplication`1 application, CancellationToken cancellationToken)
   at Microsoft.AspNetCore.Hosting.GenericWebHostService.StartAsync(CancellationToken cancellationToken)
   at Microsoft.Extensions.Hosting.Internal.Host.<StartAsync>b__15_1(IHostedService service, CancellationToken token)
   at Microsoft.Extensions.Hosting.Internal.Host.ForeachService[T](IEnumerable`1 services, CancellationToken token, Boolean concurrent, Boolean abortOnFirstException, List`1 exceptions, Func`3 operation)
