[2026-07-21 20:51:08.000 +05:30] [INF] [] [] [WebProlific.Infrastructure.Data.AppDbContext] [SOURAV] [] Configuring database model
[2026-07-21 20:51:09.328 +05:30] [WRN] [] [] [Microsoft.EntityFrameworkCore.Model.Validation] [SOURAV] [] No store type was specified for the decimal property 'ContractPrice' on entity type 'CatalogueLine'. This will cause values to be silently truncated if they do not fit in the default precision and scale. Explicitly specify the SQL server column type that can accommodate all the values in 'OnModelCreating' using 'HasColumnType', specify precision and scale using 'HasPrecision', or configure a value converter using 'HasConversion'.
[2026-07-21 20:51:09.366 +05:30] [WRN] [] [] [Microsoft.EntityFrameworkCore.Model.Validation] [SOURAV] [] No store type was specified for the decimal property 'DeviationPercent' on entity type 'CatalogueLine'. This will cause values to be silently truncated if they do not fit in the default precision and scale. Explicitly specify the SQL server column type that can accommodate all the values in 'OnModelCreating' using 'HasColumnType', specify precision and scale using 'HasPrecision', or configure a value converter using 'HasConversion'.
[2026-07-21 20:51:09.402 +05:30] [WRN] [] [] [Microsoft.EntityFrameworkCore.Model.Validation] [SOURAV] [] No store type was specified for the decimal property 'Price' on entity type 'CatalogueLine'. This will cause values to be silently truncated if they do not fit in the default precision and scale. Explicitly specify the SQL server column type that can accommodate all the values in 'OnModelCreating' using 'HasColumnType', specify precision and scale using 'HasPrecision', or configure a value converter using 'HasConversion'.
[2026-07-21 20:51:09.421 +05:30] [WRN] [] [] [Microsoft.EntityFrameworkCore.Model.Validation] [SOURAV] [] No store type was specified for the decimal property 'QtyInDelivery' on entity type 'DeliveryNoteLine'. This will cause values to be silently truncated if they do not fit in the default precision and scale. Explicitly specify the SQL server column type that can accommodate all the values in 'OnModelCreating' using 'HasColumnType', specify precision and scale using 'HasPrecision', or configure a value converter using 'HasConversion'.
[2026-07-21 20:51:09.441 +05:30] [WRN] [] [] [Microsoft.EntityFrameworkCore.Model.Validation] [SOURAV] [] No store type was specified for the decimal property 'Rate' on entity type 'ExchangeRate'. This will cause values to be silently truncated if they do not fit in the default precision and scale. Explicitly specify the SQL server column type that can accommodate all the values in 'OnModelCreating' using 'HasColumnType', specify precision and scale using 'HasPrecision', or configure a value converter using 'HasConversion'.
[2026-07-21 20:51:09.479 +05:30] [WRN] [] [] [Microsoft.EntityFrameworkCore.Model.Validation] [SOURAV] [] No store type was specified for the decimal property 'SubTotal' on entity type 'Invoice'. This will cause values to be silently truncated if they do not fit in the default precision and scale. Explicitly specify the SQL server column type that can accommodate all the values in 'OnModelCreating' using 'HasColumnType', specify precision and scale using 'HasPrecision', or configure a value converter using 'HasConversion'.
[2026-07-21 20:51:09.495 +05:30] [WRN] [] [] [Microsoft.EntityFrameworkCore.Model.Validation] [SOURAV] [] No store type was specified for the decimal property 'TaxAmount' on entity type 'Invoice'. This will cause values to be silently truncated if they do not fit in the default precision and scale. Explicitly specify the SQL server column type that can accommodate all the values in 'OnModelCreating' using 'HasColumnType', specify precision and scale using 'HasPrecision', or configure a value converter using 'HasConversion'.
[2026-07-21 20:51:09.509 +05:30] [WRN] [] [] [Microsoft.EntityFrameworkCore.Model.Validation] [SOURAV] [] No store type was specified for the decimal property 'TotalAmount' on entity type 'Invoice'. This will cause values to be silently truncated if they do not fit in the default precision and scale. Explicitly specify the SQL server column type that can accommodate all the values in 'OnModelCreating' using 'HasColumnType', specify precision and scale using 'HasPrecision', or configure a value converter using 'HasConversion'.
[2026-07-21 20:51:09.521 +05:30] [WRN] [] [] [Microsoft.EntityFrameworkCore.Model.Validation] [SOURAV] [] No store type was specified for the decimal property 'ExpectedQty' on entity type 'InvoiceLine'. This will cause values to be silently truncated if they do not fit in the default precision and scale. Explicitly specify the SQL server column type that can accommodate all the values in 'OnModelCreating' using 'HasColumnType', specify precision and scale using 'HasPrecision', or configure a value converter using 'HasConversion'.
[2026-07-21 20:51:09.535 +05:30] [WRN] [] [] [Microsoft.EntityFrameworkCore.Model.Validation] [SOURAV] [] No store type was specified for the decimal property 'ExpectedUnitPrice' on entity type 'InvoiceLine'. This will cause values to be silently truncated if they do not fit in the default precision and scale. Explicitly specify the SQL server column type that can accommodate all the values in 'OnModelCreating' using 'HasColumnType', specify precision and scale using 'HasPrecision', or configure a value converter using 'HasConversion'.
[2026-07-21 20:51:09.572 +05:30] [WRN] [] [] [Microsoft.EntityFrameworkCore.Model.Validation] [SOURAV] [] No store type was specified for the decimal property 'InvoicedQty' on entity type 'InvoiceLine'. This will cause values to be silently truncated if they do not fit in the default precision and scale. Explicitly specify the SQL server column type that can accommodate all the values in 'OnModelCreating' using 'HasColumnType', specify precision and scale using 'HasPrecision', or configure a value converter using 'HasConversion'.
[2026-07-21 20:51:09.612 +05:30] [WRN] [] [] [Microsoft.EntityFrameworkCore.Model.Validation] [SOURAV] [] No store type was specified for the decimal property 'InvoicedUnitPrice' on entity type 'InvoiceLine'. This will cause values to be silently truncated if they do not fit in the default precision and scale. Explicitly specify the SQL server column type that can accommodate all the values in 'OnModelCreating' using 'HasColumnType', specify precision and scale using 'HasPrecision', or configure a value converter using 'HasConversion'.
[2026-07-21 20:51:09.629 +05:30] [WRN] [] [] [Microsoft.EntityFrameworkCore.Model.Validation] [SOURAV] [] No store type was specified for the decimal property 'LineTotal' on entity type 'InvoiceLine'. This will cause values to be silently truncated if they do not fit in the default precision and scale. Explicitly specify the SQL server column type that can accommodate all the values in 'OnModelCreating' using 'HasColumnType', specify precision and scale using 'HasPrecision', or configure a value converter using 'HasConversion'.
[2026-07-21 20:51:09.645 +05:30] [WRN] [] [] [Microsoft.EntityFrameworkCore.Model.Validation] [SOURAV] [] No store type was specified for the decimal property 'SimilarityScore' on entity type 'ItemDedupCandidate'. This will cause values to be silently truncated if they do not fit in the default precision and scale. Explicitly specify the SQL server column type that can accommodate all the values in 'OnModelCreating' using 'HasColumnType', specify precision and scale using 'HasPrecision', or configure a value converter using 'HasConversion'.
[2026-07-21 20:51:09.656 +05:30] [WRN] [] [] [Microsoft.EntityFrameworkCore.Model.Validation] [SOURAV] [] No store type was specified for the decimal property 'Amount' on entity type 'Payment'. This will cause values to be silently truncated if they do not fit in the default precision and scale. Explicitly specify the SQL server column type that can accommodate all the values in 'OnModelCreating' using 'HasColumnType', specify precision and scale using 'HasPrecision', or configure a value converter using 'HasConversion'.
[2026-07-21 20:51:09.668 +05:30] [WRN] [] [] [Microsoft.EntityFrameworkCore.Model.Validation] [SOURAV] [] No store type was specified for the decimal property 'TotalValue' on entity type 'PurchaseOrder'. This will cause values to be silently truncated if they do not fit in the default precision and scale. Explicitly specify the SQL server column type that can accommodate all the values in 'OnModelCreating' using 'HasColumnType', specify precision and scale using 'HasPrecision', or configure a value converter using 'HasConversion'.
[2026-07-21 20:51:09.678 +05:30] [WRN] [] [] [Microsoft.EntityFrameworkCore.Model.Validation] [SOURAV] [] No store type was specified for the decimal property 'LineTotal' on entity type 'PurchaseOrderLine'. This will cause values to be silently truncated if they do not fit in the default precision and scale. Explicitly specify the SQL server column type that can accommodate all the values in 'OnModelCreating' using 'HasColumnType', specify precision and scale using 'HasPrecision', or configure a value converter using 'HasConversion'.
[2026-07-21 20:51:09.689 +05:30] [WRN] [] [] [Microsoft.EntityFrameworkCore.Model.Validation] [SOURAV] [] No store type was specified for the decimal property 'QtyAccepted' on entity type 'PurchaseOrderLine'. This will cause values to be silently truncated if they do not fit in the default precision and scale. Explicitly specify the SQL server column type that can accommodate all the values in 'OnModelCreating' using 'HasColumnType', specify precision and scale using 'HasPrecision', or configure a value converter using 'HasConversion'.
[2026-07-21 20:51:09.701 +05:30] [WRN] [] [] [Microsoft.EntityFrameworkCore.Model.Validation] [SOURAV] [] No store type was specified for the decimal property 'QtyDelivered' on entity type 'PurchaseOrderLine'. This will cause values to be silently truncated if they do not fit in the default precision and scale. Explicitly specify the SQL server column type that can accommodate all the values in 'OnModelCreating' using 'HasColumnType', specify precision and scale using 'HasPrecision', or configure a value converter using 'HasConversion'.
[2026-07-21 20:51:09.717 +05:30] [WRN] [] [] [Microsoft.EntityFrameworkCore.Model.Validation] [SOURAV] [] No store type was specified for the decimal property 'QtyOrdered' on entity type 'PurchaseOrderLine'. This will cause values to be silently truncated if they do not fit in the default precision and scale. Explicitly specify the SQL server column type that can accommodate all the values in 'OnModelCreating' using 'HasColumnType', specify precision and scale using 'HasPrecision', or configure a value converter using 'HasConversion'.
[2026-07-21 20:51:09.734 +05:30] [WRN] [] [] [Microsoft.EntityFrameworkCore.Model.Validation] [SOURAV] [] No store type was specified for the decimal property 'UnitPrice' on entity type 'PurchaseOrderLine'. This will cause values to be silently truncated if they do not fit in the default precision and scale. Explicitly specify the SQL server column type that can accommodate all the values in 'OnModelCreating' using 'HasColumnType', specify precision and scale using 'HasPrecision', or configure a value converter using 'HasConversion'.
[2026-07-21 20:51:09.749 +05:30] [WRN] [] [] [Microsoft.EntityFrameworkCore.Model.Validation] [SOURAV] [] No store type was specified for the decimal property 'AgreedPrice' on entity type 'RateContractLine'. This will cause values to be silently truncated if they do not fit in the default precision and scale. Explicitly specify the SQL server column type that can accommodate all the values in 'OnModelCreating' using 'HasColumnType', specify precision and scale using 'HasPrecision', or configure a value converter using 'HasConversion'.
[2026-07-21 20:51:09.763 +05:30] [WRN] [] [] [Microsoft.EntityFrameworkCore.Model.Validation] [SOURAV] [] No store type was specified for the decimal property 'SimilarityScore' on entity type 'VendorDedupCandidate'. This will cause values to be silently truncated if they do not fit in the default precision and scale. Explicitly specify the SQL server column type that can accommodate all the values in 'OnModelCreating' using 'HasColumnType', specify precision and scale using 'HasPrecision', or configure a value converter using 'HasConversion'.
[2026-07-21 20:51:13.801 +05:30] [ERR] [] [] [Microsoft.EntityFrameworkCore.Database.Command] [SOURAV] [] Failed executing DbCommand (15ms) [Parameters=[], CommandType='"Text"', CommandTimeout='30']
CREATE TABLE [BuyingEntities] (
    [Id] uniqueidentifier NOT NULL,
    [Name] nvarchar(max) NOT NULL,
    [Code] nvarchar(max) NOT NULL,
    [Region] nvarchar(max) NULL,
    [IsActive] bit NOT NULL,
    [CreatedAt] datetime2 NOT NULL,
    CONSTRAINT [PK_BuyingEntities] PRIMARY KEY ([Id])
);
[2026-07-21 20:51:13.839 +05:30] [ERR] [] [] [Program] [SOURAV] [] Database migration failed
Microsoft.Data.SqlClient.SqlException (0x80131904): There is already an object named 'BuyingEntities' in the database.
   at Microsoft.Data.SqlClient.SqlConnection.OnError(SqlException exception, Boolean breakConnection, Action`1 wrapCloseInAction)
   at Microsoft.Data.SqlClient.SqlInternalConnection.OnError(SqlException exception, Boolean breakConnection, Action`1 wrapCloseInAction)
   at Microsoft.Data.SqlClient.TdsParser.ThrowExceptionAndWarning(TdsParserStateObject stateObj, Boolean callerHasConnectionLock, Boolean asyncClose)
   at Microsoft.Data.SqlClient.TdsParser.TryRun(RunBehavior runBehavior, SqlCommand cmdHandler, SqlDataReader dataStream, BulkCopySimpleResultSet bulkCopyHandler, TdsParserStateObject stateObj, Boolean& dataReady)
   at Microsoft.Data.SqlClient.SqlCommand.RunExecuteNonQueryTds(String methodName, Boolean isAsync, Int32 timeout, Boolean asyncWrite)
   at Microsoft.Data.SqlClient.SqlCommand.InternalExecuteNonQuery(TaskCompletionSource`1 completion, Boolean sendToPipe, Int32 timeout, Boolean& usedCache, Boolean asyncWrite, Boolean inRetry, String methodName)
   at Microsoft.Data.SqlClient.SqlCommand.ExecuteNonQuery()
   at Microsoft.EntityFrameworkCore.Storage.RelationalCommand.ExecuteNonQuery(RelationalCommandParameterObject parameterObject)
   at Microsoft.EntityFrameworkCore.Migrations.MigrationCommand.ExecuteNonQuery(IRelationalConnection connection, IReadOnlyDictionary`2 parameterValues)
   at Microsoft.EntityFrameworkCore.Migrations.Internal.MigrationCommandExecutor.ExecuteNonQuery(IEnumerable`1 migrationCommands, IRelationalConnection connection)
   at Microsoft.EntityFrameworkCore.Migrations.Internal.Migrator.Migrate(String targetMigration)
   at Microsoft.EntityFrameworkCore.RelationalDatabaseFacadeExtensions.Migrate(DatabaseFacade databaseFacade)
   at Program.<Main>$(String[] args) in D:\Vendor Portal\vendorportalextranet\src\webprolific.api\Program.cs:line 109
ClientConnectionId:5a67ae0a-ed27-475c-a4e4-b2a681652edb
Error Number:2714,State:6,Class:16
[2026-07-21 20:51:14.695 +05:30] [ERR] [] [] [Microsoft.Extensions.Hosting.Internal.Host] [SOURAV] [] Hosting failed to start
System.IO.IOException: Failed to bind to address http://127.0.0.1:5000: address already in use.
 ---> Microsoft.AspNetCore.Connections.AddressInUseException: Only one usage of each socket address (protocol/network address/port) is normally permitted.
 ---> System.Net.Sockets.SocketException (10048): Only one usage of each socket address (protocol/network address/port) is normally permitted.
   at System.Net.Sockets.Socket.UpdateStatusAfterSocketErrorAndThrowException(SocketError error, Boolean disconnectOnFailure, String callerName)
   at System.Net.Sockets.Socket.DoBind(EndPoint endPointSnapshot, SocketAddress socketAddress)
   at System.Net.Sockets.Socket.Bind(EndPoint localEP)
   at Microsoft.AspNetCore.Server.Kestrel.Transport.Sockets.SocketTransportOptions.CreateDefaultBoundListenSocket(EndPoint endpoint)
   at Microsoft.AspNetCore.Server.Kestrel.Transport.Sockets.SocketConnectionListener.Bind()
   --- End of inner exception stack trace ---
   at Microsoft.AspNetCore.Server.Kestrel.Transport.Sockets.SocketConnectionListener.Bind()
   at Microsoft.AspNetCore.Server.Kestrel.Transport.Sockets.SocketTransportFactory.BindAsync(EndPoint endpoint, CancellationToken cancellationToken)
   at Microsoft.AspNetCore.Server.Kestrel.Core.Internal.Infrastructure.TransportManager.BindAsync(EndPoint endPoint, ConnectionDelegate connectionDelegate, EndpointConfig endpointConfig, CancellationToken cancellationToken)
   at Microsoft.AspNetCore.Server.Kestrel.Core.KestrelServerImpl.<>c__DisplayClass28_0`1.<<StartAsync>g__OnBind|0>d.MoveNext()
--- End of stack trace from previous location ---
   at Microsoft.AspNetCore.Server.Kestrel.Core.Internal.AddressBinder.BindEndpointAsync(ListenOptions endpoint, AddressBindContext context, CancellationToken cancellationToken)
   --- End of inner exception stack trace ---
   at Microsoft.AspNetCore.Server.Kestrel.Core.Internal.AddressBinder.BindEndpointAsync(ListenOptions endpoint, AddressBindContext context, CancellationToken cancellationToken)
   at Microsoft.AspNetCore.Server.Kestrel.Core.LocalhostListenOptions.BindAsync(AddressBindContext context, CancellationToken cancellationToken)
   at Microsoft.AspNetCore.Server.Kestrel.Core.Internal.AddressBinder.DefaultAddressStrategy.BindAsync(AddressBindContext context, CancellationToken cancellationToken)
   at Microsoft.AspNetCore.Server.Kestrel.Core.Internal.AddressBinder.BindAsync(ListenOptions[] listenOptions, AddressBindContext context, Func`2 useHttps, CancellationToken cancellationToken)
   at Microsoft.AspNetCore.Server.Kestrel.Core.KestrelServerImpl.BindAsync(CancellationToken cancellationToken)
   at Microsoft.AspNetCore.Server.Kestrel.Core.KestrelServerImpl.StartAsync[TContext](IHttpApplication`1 application, CancellationToken cancellationToken)
   at Microsoft.AspNetCore.Hosting.GenericWebHostService.StartAsync(CancellationToken cancellationToken)
   at Microsoft.Extensions.Hosting.Internal.Host.<StartAsync>b__15_1(IHostedService service, CancellationToken token)
   at Microsoft.Extensions.Hosting.Internal.Host.ForeachService[T](IEnumerable`1 services, CancellationToken token, Boolean concurrent, Boolean abortOnFirstException, List`1 exceptions, Func`3 operation)
